<?xml version="1.0" encoding="UTF-8"?>
<testng-results skipped="0" failed="0" ignored="0" total="1" passed="1">
  <reporter-output>
  </reporter-output>
  <suite name="Default suite" duration-ms="14731" started-at="2020-03-13T03:09:02Z" finished-at="2020-03-13T03:09:17Z">
    <groups>
      <group name="cucumber">
        <method signature="AbstractTestNGCucumberTests.feature(cucumber.api.testng.CucumberFeatureWrapper)[pri:0, instance:com.testrunner.TestRunner@1e88b3c]" name="feature" class="cucumber.api.testng.AbstractTestNGCucumberTests"/>
      </group> <!-- cucumber -->
    </groups>
    <test name="Default test" duration-ms="14731" started-at="2020-03-13T03:09:02Z" finished-at="2020-03-13T03:09:17Z">
      <class name="com.testrunner.TestRunner">
        <test-method status="PASS" signature="setUpClass()[pri:0, instance:com.testrunner.TestRunner@1e88b3c]" name="setUpClass" is-config="true" duration-ms="172" started-at="2020-03-13T03:09:02Z" finished-at="2020-03-13T03:09:02Z">
          <reporter-output>
          </reporter-output>
        </test-method> <!-- setUpClass -->
        <test-method status="PASS" signature="feature(cucumber.api.testng.CucumberFeatureWrapper)[pri:0, instance:com.testrunner.TestRunner@1e88b3c]" name="feature" duration-ms="14460" started-at="2020-03-13T03:09:03Z" description="Runs Cucumber Feature" data-provider="features" finished-at="2020-03-13T03:09:17Z">
          <params>
            <param index="0">
              <value>
                <![CDATA[Login to Facbook functionality]]>
              </value>
            </param>
          </params>
          <reporter-output>
          </reporter-output>
        </test-method> <!-- feature -->
        <test-method status="PASS" signature="tearDownClass()[pri:0, instance:com.testrunner.TestRunner@1e88b3c]" name="tearDownClass" is-config="true" duration-ms="29" started-at="2020-03-13T03:09:17Z" finished-at="2020-03-13T03:09:17Z">
          <reporter-output>
          </reporter-output>
        </test-method> <!-- tearDownClass -->
      </class> <!-- com.testrunner.TestRunner -->
    </test> <!-- Default test -->
  </suite> <!-- Default suite -->
</testng-results>
